<?xml version="1.0" encoding="UTF-8"?>
<!-- Generated by org.testng.reporters.JUnitReportReporter -->
<testsuite skipped="0" hostname="DESKTOP-46DDDQ9" name="com.app.cucumber.ejecutor" tests="1" failures="0" timestamp="2020-10-12T23:42:41 CEST" time="2.299" errors="0">
  <testcase name="feature" time="2.299" classname="com.app.cucumber.ejecutor"/>
</testsuite> <!-- com.app.cucumber.ejecutor -->
